<?xml version="1.0" encoding="UTF-8"?>
<testng-results skipped="0" failed="0" ignored="0" total="1" passed="1">
  <reporter-output>
  </reporter-output>
  <suite name="Default suite" duration-ms="23227" started-at="2019-09-30T01:53:04Z" finished-at="2019-09-30T01:53:27Z">
    <groups>
    </groups>
    <test name="Default test" duration-ms="23227" started-at="2019-09-30T01:53:04Z" finished-at="2019-09-30T01:53:27Z">
      <class name="test.TestandValidate">
        <test-method status="PASS" signature="openBrowser()[pri:0, instance:test.TestandValidate@5442a311]" name="openBrowser" is-config="true" duration-ms="10203" started-at="2019-09-29T20:53:04Z" finished-at="2019-09-29T20:53:14Z">
          <reporter-output>
          </reporter-output>
        </test-method> <!-- openBrowser -->
        <test-method status="PASS" signature="user_should_be_able_to_add_category()[pri:0, instance:test.TestandValidate@5442a311]" name="user_should_be_able_to_add_category" duration-ms="12036" started-at="2019-09-29T20:53:14Z" finished-at="2019-09-29T20:53:26Z">
          <reporter-output>
          </reporter-output>
        </test-method> <!-- user_should_be_able_to_add_category -->
        <test-method status="PASS" signature="close()[pri:0, instance:test.TestandValidate@5442a311]" name="close" is-config="true" duration-ms="949" started-at="2019-09-29T20:53:26Z" finished-at="2019-09-29T20:53:27Z">
          <reporter-output>
          </reporter-output>
        </test-method> <!-- close -->
      </class> <!-- test.TestandValidate -->
    </test> <!-- Default test -->
  </suite> <!-- Default suite -->
</testng-results>
